<?xml version="1.0" encoding="UTF-8"?>
<!-- Generated by org.testng.reporters.JUnitXMLReporter -->
<testsuite ignored="0" hostname="Rahib-Rasheed" failures="1" tests="5" name="RadioTest" time="4.595" errors="0" timestamp="2025-05-27T22:35:58 IST">
  <testcase classname="Workspace.RadioAutomation" name="SelectAnyOne" time="1.403"/>
  <testcase classname="Workspace.RadioAutomation" name="ConfirmSelectOnlyone" time="0.136"/>
  <testcase classname="Workspace.RadioAutomation" name="FindWhichOneIsselected" time="0.014"/>
  <testcase classname="Workspace.RadioAutomation" name="FindBug" time="0.103">
    <failure type="java.lang.AssertionError" message="Both are selected expected [true] but found [false]">
      <![CDATA[java.lang.AssertionError: Both are selected expected [true] but found [false]
at Workspace.RadioAutomation.FindBug(RadioAutomation.java:41)
at java.base/java.util.ArrayList.forEach(ArrayList.java:1597)
... Removed 29 stack frames]]>
    </failure>
  </testcase> <!-- FindBug -->
  <testcase classname="Workspace.RadioAutomation" name="ConfirmLastFieldIsDisabled" time="0.164"/>
</testsuite> <!-- RadioTest -->
