<?xml version="1.0" encoding="UTF-8"?>
<!-- Generated by org.testng.reporters.JUnitXMLReporter -->
<testsuite ignored="0" hostname="Rahib-Rasheed" failures="0" tests="6" name="Default test" time="4.881" errors="0" timestamp="2025-05-27T22:28:05 IST">
  <testcase classname="Workspace.EditAutomation" name="SendKeys" time="0.086"/>
  <testcase classname="Workspace.EditAutomation" name="keyBoardTab" time="0.071"/>
  <testcase classname="Workspace.EditAutomation" name="GetAttribute" time="0.02"/>
  <testcase classname="Workspace.EditAutomation" name="ClearText" time="0.061"/>
  <testcase classname="Workspace.EditAutomation" name="IsEnabled" time="0.027"/>
  <testcase classname="Workspace.EditAutomation" name="readOnly" time="0.024"/>
</testsuite> <!-- Default test -->
