<?xml version="1.0" encoding="UTF-8"?>
<!-- Generated by org.testng.reporters.JUnitXMLReporter -->
<testsuite ignored="0" hostname="Rahib-Rasheed" failures="0" tests="4" name="AlertTest" time="18.534" errors="0" timestamp="2025-05-27T22:34:50 IST">
  <testcase classname="Workspace.AlertAutomation" name="SimpleAlert" time="3.086"/>
  <testcase classname="Workspace.AlertAutomation" name="ConfirmAlert" time="3.066"/>
  <testcase classname="Workspace.AlertAutomation" name="PromptAlert" time="3.072"/>
  <testcase classname="Workspace.AlertAutomation" name="ModernAlert" time="3.113"/>
</testsuite> <!-- AlertTest -->
