<?xml version="1.0" encoding="UTF-8"?>
<!-- Generated by org.testng.reporters.JUnitXMLReporter -->
<testsuite ignored="0" hostname="Rahib-Rasheed" failures="0" tests="4" name="SelectTest" time="4.58" errors="0" timestamp="2025-05-27T22:36:03 IST">
  <testcase classname="Workspace.Selectautomation" name="SelectCountry" time="0.151"/>
  <testcase classname="Workspace.Selectautomation" name="SelectFruit" time="0.09"/>
  <testcase classname="Workspace.Selectautomation" name="SelectLanguage" time="0.092"/>
  <testcase classname="Workspace.Selectautomation" name="SelectSuperHero" time="0.107"/>
</testsuite> <!-- SelectTest -->
