<?xml version="1.0" encoding="UTF-8"?>
<!-- Generated by org.testng.reporters.JUnitXMLReporter -->
<testsuite ignored="0" hostname="Rahib-Rasheed" failures="0" tests="6" name="MyTest2" time="9.119" errors="0" timestamp="2025-05-27T22:34:59 IST">
  <testcase classname="Workspace.ButtonAutomation" name="GoToHome" time="4.249"/>
  <testcase classname="Workspace.ButtonAutomation" name="findLocation" time="1.781"/>
  <testcase classname="Workspace.ButtonAutomation" name="findCOLOR" time="0.02"/>
  <testcase classname="Workspace.ButtonAutomation" name="findSize" time="0.021"/>
  <testcase classname="Workspace.ButtonAutomation" name="IsEnabled" time="0.024"/>
  <testcase classname="Workspace.ButtonAutomation" name="Buttonhold" time="0.138"/>
</testsuite> <!-- MyTest2 -->
