<?xml version="1.0" encoding="UTF-8"?>
<!-- Generated by org.testng.reporters.JUnitXMLReporter -->
<testsuite ignored="1" hostname="Rahib-Rasheed" failures="0" tests="5" name="EditTest" time="7.643" errors="0" timestamp="2025-05-27T22:35:37 IST">
  <testcase classname="Workspace.EditAutomation" name="SendKeys" time="0.091"/>
  <testcase classname="Workspace.EditAutomation" name="keyBoardTab" time="0.064"/>
  <testcase classname="Workspace.EditAutomation" name="GetAttribute" time="0.017"/>
  <testcase classname="Workspace.EditAutomation" name="ClearText" time="0.05"/>
  <testcase classname="Workspace.EditAutomation" name="IsEnabled" time="0.022"/>
  <testcase classname="Workspace.EditAutomation" name="readOnly" time="0.0">
    <ignored/>
  </testcase> <!-- readOnly -->
</testsuite> <!-- EditTest -->
