<?xml version="1.0" encoding="UTF-8"?>
<!-- Generated by org.testng.reporters.JUnitXMLReporter -->
<testsuite ignored="0" hostname="Rahib-Rasheed" failures="2" tests="5" name="EditTest" time="6.622" errors="0" timestamp="2025-05-07T21:32:07 IST">
  <testcase classname="Workspace.Edit" name="SendKeys" time="0.088">
    <failure type="java.lang.AssertionError" message="not equal expected [] but found [John Doe]">
      <![CDATA[java.lang.AssertionError: not equal expected [] but found [John Doe]
at Workspace.Edit.SendKeys(Edit.java:34)
at java.base/java.util.ArrayList.forEach(ArrayList.java:1597)
... Removed 30 stack frames]]>
    </failure>
  </testcase> <!-- SendKeys -->
  <testcase classname="Workspace.Edit" name="keyBoardTab" time="0.075"/>
  <testcase classname="Workspace.Edit" name="GetAttribute" time="0.019"/>
  <testcase classname="Workspace.Edit" name="ClearText" time="0.051">
    <failure type="java.lang.AssertionError" message="Input field is not cleared expected [ ] but found [Koushik Chatterjee]">
      <![CDATA[java.lang.AssertionError: Input field is not cleared expected [ ] but found [Koushik Chatterjee]
at Workspace.Edit.ClearText(Edit.java:61)
at java.base/java.util.ArrayList.forEach(ArrayList.java:1597)
... Removed 30 stack frames]]>
    </failure>
  </testcase> <!-- ClearText -->
  <testcase classname="Workspace.Edit" name="IsEnabled" time="0.028"/>
</testsuite> <!-- EditTest -->
